{
  "RSpec": {
    "coverage": {
      "/Users/student/Makers/week10/bank_tech_test/spec/account_spec.rb": [
        1,
        null,
        1,
        null,
        1,
        6,
        6,
        3,
        null,
        1,
        1,
        1,
        null,
        null,
        null,
        1,
        1,
        1,
        1,
        null,
        null,
        1,
        2,
        null,
        null,
        null,
        1,
        1,
        2,
        1,
        1,
        null,
        null,
        1,
        2,
        1,
        1,
        1,
        null,
        null,
        null,
        null
      ],
      "/Users/student/Makers/week10/bank_tech_test/lib/account.rb": [
        1,
        1,
        null,
        1,
        null,
        1,
        null,
        1,
        6,
        6,
        null,
        null,
        1,
        5,
        5,
        5,
        null,
        null,
        1,
        3,
        2,
        2,
        2,
        null,
        null,
        1,
        3,
        null,
        null,
        1,
        null,
        1,
        3,
        null,
        null,
        null
      ],
      "/Users/student/Makers/week10/bank_tech_test/lib/statement.rb": [
        1,
        null,
        1,
        4,
        4,
        null,
        null,
        1,
        3,
        null,
        null,
        1,
        2,
        null,
        null,
        1,
        2,
        3,
        null,
        2,
        null,
        null,
        1,
        null,
        1,
        10,
        null,
        null,
        null
      ],
      "/Users/student/Makers/week10/bank_tech_test/spec/date_spec.rb": [
        1,
        null,
        1,
        null,
        1,
        1,
        1,
        1,
        null,
        null,
        null,
        null
      ],
      "/Users/student/Makers/week10/bank_tech_test/spec/features/deposit_spec.rb": [
        null,
        1,
        1,
        1,
        1,
        1,
        1,
        null,
        null
      ],
      "/Users/student/Makers/week10/bank_tech_test/spec/statement_spec.rb": [
        1,
        null,
        1,
        null,
        4,
        4,
        null,
        1,
        1,
        1,
        null,
        null,
        null,
        1,
        1,
        1,
        null,
        null,
        null,
        1,
        1,
        1,
        1,
        1,
        1,
        null,
        null,
        null
      ]
    },
    "timestamp": 1580140600
  }
}
